<?xml version="1.0" encoding="UTF-8"?>
<!-- Generated by org.testng.reporters.JUnitXMLReporter -->
<testsuite hostname="Marufs-MacBook-Pro.local" ignored="0" name="Default test" tests="21" failures="0" timestamp="23 Sep 2018 16:06:41 GMT" time="16.299" errors="0">
  <testcase name="Logintest" time="0.005" classname="TestNG.TestNGFeatures"/>
  <testcase name="HomePagetest" time="0.002" classname="TestNG.TestNGFeatures"/>
  <testcase name="RegPagetest" time="0.001" classname="TestNG.TestNGFeatures"/>
  <testcase name="SearchPagetest" time="0.002" classname="TestNG.TestNGFeatures"/>
  <testcase name="GoogleLogotest" time="0.081" classname="TestNG.GoogleTitleTest"/>
  <testcase name="Googletitletest" time="0.017" classname="TestNG.GoogleTitleTest"/>
  <testcase name="expectedexception" time="0.001" classname="TestNG.ExceptionTimeoutTest"/>
  <testcase name="sum" time="0.002" classname="TestNG.InvocationcountTest"/>
  <testcase name="sum" time="0.001" classname="TestNG.InvocationcountTest"/>
  <testcase name="sum" time="0.001" classname="TestNG.InvocationcountTest"/>
  <testcase name="sum" time="0.001" classname="TestNG.InvocationcountTest"/>
  <testcase name="sum" time="0.001" classname="TestNG.InvocationcountTest"/>
  <testcase name="sum" time="0.001" classname="TestNG.InvocationcountTest"/>
  <testcase name="sum" time="0.001" classname="TestNG.InvocationcountTest"/>
  <testcase name="sum" time="0.001" classname="TestNG.InvocationcountTest"/>
  <testcase name="sum" time="0.001" classname="TestNG.InvocationcountTest"/>
  <testcase name="sum" time="0.001" classname="TestNG.InvocationcountTest"/>
  <testcase name="test1" time="0.001" classname="TestNG.GoogleTest"/>
  <testcase name="test2" time="0.001" classname="TestNG.GoogleTest"/>
  <testcase name="test3" time="0.001" classname="TestNG.GoogleTest"/>
  <testcase name="testfirst" time="0.002" classname="TestNG.TestNGBasics"/>
</testsuite> <!-- Default test -->
