<?xml version="1.0" encoding="UTF-8"?>
<!-- Generated by org.testng.reporters.JUnitXMLReporter -->
<testsuite hostname="Marufs-MacBook-Pro.local" ignored="0" name="Different Testign Feature Test" tests="18" failures="0" timestamp="23 Sep 2018 16:09:07 GMT" time="15.588" errors="0">
  <testcase name="expectedexception" time="0.006" classname="TestNG.ExceptionTimeoutTest"/>
  <testcase name="test1" time="0.001" classname="TestNG.GoogleTest"/>
  <testcase name="test2" time="0.001" classname="TestNG.GoogleTest"/>
  <testcase name="test3" time="0.001" classname="TestNG.GoogleTest"/>
  <testcase name="GoogleLogotest" time="0.04" classname="TestNG.GoogleTitleTest"/>
  <testcase name="Googletitletest" time="0.009" classname="TestNG.GoogleTitleTest"/>
  <testcase name="sum" time="0.002" classname="TestNG.InvocationcountTest"/>
  <testcase name="sum" time="0.003" classname="TestNG.InvocationcountTest"/>
  <testcase name="sum" time="0.001" classname="TestNG.InvocationcountTest"/>
  <testcase name="sum" time="0.001" classname="TestNG.InvocationcountTest"/>
  <testcase name="sum" time="0.001" classname="TestNG.InvocationcountTest"/>
  <testcase name="sum" time="0.001" classname="TestNG.InvocationcountTest"/>
  <testcase name="sum" time="0.001" classname="TestNG.InvocationcountTest"/>
  <testcase name="sum" time="0.001" classname="TestNG.InvocationcountTest"/>
  <testcase name="sum" time="0.001" classname="TestNG.InvocationcountTest"/>
  <testcase name="sum" time="0.001" classname="TestNG.InvocationcountTest"/>
  <testcase name="testfirst" time="0.001" classname="TestNG.TestNGBasics"/>
  <testcase name="Logintest" time="0.001" classname="TestNG.TestNGFeatures"/>
</testsuite> <!-- Different Testign Feature Test -->
