<?xml version="1.0" encoding="UTF-8"?>
<testng-results skipped="0" failed="0" ignored="0" total="18" passed="18">
  <reporter-output>
  </reporter-output>
  <suite name="TestNG Session Test Automation Suite" duration-ms="15588" started-at="2018-09-23T16:08:52Z" finished-at="2018-09-23T16:09:07Z">
    <groups>
      <group name="Mailbox">
        <method signature="GoogleTest.Googlemailtitletest()[pri:1, instance:TestNG.GoogleTest@6093dd95]" name="Googlemailtitletest" class="TestNG.GoogleTest"/>
      </group> <!-- Mailbox -->
      <group name="test">
        <method signature="GoogleTest.test1()[pri:0, instance:TestNG.GoogleTest@6093dd95]" name="test1" class="TestNG.GoogleTest"/>
        <method signature="GoogleTest.test2()[pri:0, instance:TestNG.GoogleTest@6093dd95]" name="test2" class="TestNG.GoogleTest"/>
        <method signature="GoogleTest.test3()[pri:0, instance:TestNG.GoogleTest@6093dd95]" name="test3" class="TestNG.GoogleTest"/>
      </group> <!-- test -->
      <group name="title ">
        <method signature="GoogleTest.Googletitletest()[pri:2, instance:TestNG.GoogleTest@6093dd95]" name="Googletitletest" class="TestNG.GoogleTest"/>
      </group> <!-- title  -->
      <group name="Logo">
        <method signature="GoogleTest.GoogleLogotest()[pri:3, instance:TestNG.GoogleTest@6093dd95]" name="GoogleLogotest" class="TestNG.GoogleTest"/>
      </group> <!-- Logo -->
    </groups>
    <test name="Different Testign Feature Test" duration-ms="15588" started-at="2018-09-23T16:08:52Z" finished-at="2018-09-23T16:09:07Z">
      <class name="TestNG.GoogleTitleTest">
        <test-method status="PASS" signature="BeforeMethod()[pri:0, instance:TestNG.GoogleTitleTest@5622fdf]" name="BeforeMethod" is-config="true" duration-ms="2589" started-at="2018-09-23T16:09:01Z" finished-at="2018-09-23T16:09:04Z">
          <reporter-output>
          </reporter-output>
        </test-method> <!-- BeforeMethod -->
        <test-method status="PASS" signature="GoogleLogotest()[pri:0, instance:TestNG.GoogleTitleTest@5622fdf]" name="GoogleLogotest" duration-ms="40" started-at="2018-09-23T16:09:04Z" finished-at="2018-09-23T16:09:04Z">
          <reporter-output>
          </reporter-output>
        </test-method> <!-- GoogleLogotest -->
        <test-method status="PASS" signature="tearDown()[pri:0, instance:TestNG.GoogleTitleTest@5622fdf]" name="tearDown" is-config="true" duration-ms="74" started-at="2018-09-23T16:09:04Z" finished-at="2018-09-23T16:09:04Z">
          <reporter-output>
          </reporter-output>
        </test-method> <!-- tearDown -->
        <test-method status="PASS" signature="BeforeMethod()[pri:0, instance:TestNG.GoogleTitleTest@5622fdf]" name="BeforeMethod" is-config="true" duration-ms="3115" started-at="2018-09-23T16:09:04Z" finished-at="2018-09-23T16:09:07Z">
          <reporter-output>
          </reporter-output>
        </test-method> <!-- BeforeMethod -->
        <test-method status="PASS" signature="Googletitletest()[pri:0, instance:TestNG.GoogleTitleTest@5622fdf]" name="Googletitletest" duration-ms="9" started-at="2018-09-23T16:09:07Z" finished-at="2018-09-23T16:09:07Z">
          <reporter-output>
          </reporter-output>
        </test-method> <!-- Googletitletest -->
        <test-method status="PASS" signature="tearDown()[pri:0, instance:TestNG.GoogleTitleTest@5622fdf]" name="tearDown" is-config="true" duration-ms="74" started-at="2018-09-23T16:09:07Z" finished-at="2018-09-23T16:09:07Z">
          <reporter-output>
          </reporter-output>
        </test-method> <!-- tearDown -->
      </class> <!-- TestNG.GoogleTitleTest -->
      <class name="TestNG.TestNGFeatures">
        <test-method status="PASS" signature="Logintest()[pri:0, instance:TestNG.TestNGFeatures@7d9d1a19]" name="Logintest" duration-ms="1" started-at="2018-09-23T16:09:07Z" finished-at="2018-09-23T16:09:07Z">
          <reporter-output>
          </reporter-output>
        </test-method> <!-- Logintest -->
      </class> <!-- TestNG.TestNGFeatures -->
      <class name="TestNG.ExceptionTimeoutTest">
        <test-method status="PASS" signature="expectedexception()[pri:0, instance:TestNG.ExceptionTimeoutTest@6d4b1c02]" name="expectedexception" duration-ms="6" started-at="2018-09-23T16:08:52Z" finished-at="2018-09-23T16:08:52Z">
          <exception class="java.lang.NumberFormatException">
            <message>
              <![CDATA[For input string: "100A"]]>
            </message>
            <full-stacktrace>
              <![CDATA[java.lang.NumberFormatException: For input string: "100A"
at java.lang.NumberFormatException.forInputString(NumberFormatException.java:65)
at java.lang.Integer.parseInt(Integer.java:580)
at java.lang.Integer.parseInt(Integer.java:615)
at TestNG.ExceptionTimeoutTest.expectedexception(ExceptionTimeoutTest.java:27)
at sun.reflect.NativeMethodAccessorImpl.invoke0(Native Method)
at sun.reflect.NativeMethodAccessorImpl.invoke(NativeMethodAccessorImpl.java:62)
at sun.reflect.DelegatingMethodAccessorImpl.invoke(DelegatingMethodAccessorImpl.java:43)
at java.lang.reflect.Method.invoke(Method.java:497)
at org.testng.internal.MethodInvocationHelper.invokeMethod(MethodInvocationHelper.java:124)
at org.testng.internal.Invoker.invokeMethod(Invoker.java:580)
at org.testng.internal.Invoker.invokeTestMethod(Invoker.java:716)
at org.testng.internal.Invoker.invokeTestMethods(Invoker.java:988)
at org.testng.internal.TestMethodWorker.invokeTestMethods(TestMethodWorker.java:125)
at org.testng.internal.TestMethodWorker.run(TestMethodWorker.java:109)
at org.testng.TestRunner.privateRun(TestRunner.java:648)
at org.testng.TestRunner.run(TestRunner.java:505)
at org.testng.SuiteRunner.runTest(SuiteRunner.java:455)
at org.testng.SuiteRunner.runSequentially(SuiteRunner.java:450)
at org.testng.SuiteRunner.privateRun(SuiteRunner.java:415)
at org.testng.SuiteRunner.run(SuiteRunner.java:364)
at org.testng.SuiteRunnerWorker.runSuite(SuiteRunnerWorker.java:52)
at org.testng.SuiteRunnerWorker.run(SuiteRunnerWorker.java:84)
at org.testng.TestNG.runSuitesSequentially(TestNG.java:1208)
at org.testng.TestNG.runSuitesLocally(TestNG.java:1137)
at org.testng.TestNG.runSuites(TestNG.java:1049)
at org.testng.TestNG.run(TestNG.java:1017)
at org.testng.remote.AbstractRemoteTestNG.run(AbstractRemoteTestNG.java:114)
at org.testng.remote.RemoteTestNG.initAndRun(RemoteTestNG.java:251)
at org.testng.remote.RemoteTestNG.main(RemoteTestNG.java:77)
]]>
            </full-stacktrace>
          </exception> <!-- java.lang.NumberFormatException -->
          <reporter-output>
          </reporter-output>
        </test-method> <!-- expectedexception -->
      </class> <!-- TestNG.ExceptionTimeoutTest -->
      <class name="TestNG.GoogleTest">
        <test-method status="PASS" signature="BeforeMethod()[pri:0, instance:TestNG.GoogleTest@6093dd95]" name="BeforeMethod" is-config="true" duration-ms="3437" started-at="2018-09-23T16:08:52Z" finished-at="2018-09-23T16:08:55Z">
          <reporter-output>
          </reporter-output>
        </test-method> <!-- BeforeMethod -->
        <test-method status="PASS" signature="test1()[pri:0, instance:TestNG.GoogleTest@6093dd95]" name="test1" duration-ms="1" started-at="2018-09-23T16:08:55Z" finished-at="2018-09-23T16:08:55Z">
          <reporter-output>
          </reporter-output>
        </test-method> <!-- test1 -->
        <test-method status="PASS" signature="aftermethod()[pri:0, instance:TestNG.GoogleTest@6093dd95]" name="aftermethod" is-config="true" duration-ms="77" started-at="2018-09-23T16:08:55Z" finished-at="2018-09-23T16:08:55Z">
          <reporter-output>
          </reporter-output>
        </test-method> <!-- aftermethod -->
        <test-method status="PASS" signature="BeforeMethod()[pri:0, instance:TestNG.GoogleTest@6093dd95]" name="BeforeMethod" is-config="true" duration-ms="3458" started-at="2018-09-23T16:08:55Z" finished-at="2018-09-23T16:08:59Z">
          <reporter-output>
          </reporter-output>
        </test-method> <!-- BeforeMethod -->
        <test-method status="PASS" signature="test2()[pri:0, instance:TestNG.GoogleTest@6093dd95]" name="test2" duration-ms="1" started-at="2018-09-23T16:08:59Z" finished-at="2018-09-23T16:08:59Z">
          <reporter-output>
          </reporter-output>
        </test-method> <!-- test2 -->
        <test-method status="PASS" signature="aftermethod()[pri:0, instance:TestNG.GoogleTest@6093dd95]" name="aftermethod" is-config="true" duration-ms="80" started-at="2018-09-23T16:08:59Z" finished-at="2018-09-23T16:08:59Z">
          <reporter-output>
          </reporter-output>
        </test-method> <!-- aftermethod -->
        <test-method status="PASS" signature="BeforeMethod()[pri:0, instance:TestNG.GoogleTest@6093dd95]" name="BeforeMethod" is-config="true" duration-ms="2479" started-at="2018-09-23T16:08:59Z" finished-at="2018-09-23T16:09:01Z">
          <reporter-output>
          </reporter-output>
        </test-method> <!-- BeforeMethod -->
        <test-method status="PASS" signature="test3()[pri:0, instance:TestNG.GoogleTest@6093dd95]" name="test3" duration-ms="1" started-at="2018-09-23T16:09:01Z" finished-at="2018-09-23T16:09:01Z">
          <reporter-output>
          </reporter-output>
        </test-method> <!-- test3 -->
        <test-method status="PASS" signature="aftermethod()[pri:0, instance:TestNG.GoogleTest@6093dd95]" name="aftermethod" is-config="true" duration-ms="74" started-at="2018-09-23T16:09:01Z" finished-at="2018-09-23T16:09:01Z">
          <reporter-output>
          </reporter-output>
        </test-method> <!-- aftermethod -->
      </class> <!-- TestNG.GoogleTest -->
      <class name="TestNG.InvocationcountTest">
        <test-method status="PASS" signature="sum()[pri:0, instance:TestNG.InvocationcountTest@4883b407]" name="sum" duration-ms="2" started-at="2018-09-23T16:09:07Z" finished-at="2018-09-23T16:09:07Z">
          <reporter-output>
          </reporter-output>
        </test-method> <!-- sum -->
        <test-method status="PASS" signature="sum()[pri:0, instance:TestNG.InvocationcountTest@4883b407]" name="sum" duration-ms="3" started-at="2018-09-23T16:09:07Z" finished-at="2018-09-23T16:09:07Z">
          <reporter-output>
          </reporter-output>
        </test-method> <!-- sum -->
        <test-method status="PASS" signature="sum()[pri:0, instance:TestNG.InvocationcountTest@4883b407]" name="sum" duration-ms="1" started-at="2018-09-23T16:09:07Z" finished-at="2018-09-23T16:09:07Z">
          <reporter-output>
          </reporter-output>
        </test-method> <!-- sum -->
        <test-method status="PASS" signature="sum()[pri:0, instance:TestNG.InvocationcountTest@4883b407]" name="sum" duration-ms="1" started-at="2018-09-23T16:09:07Z" finished-at="2018-09-23T16:09:07Z">
          <reporter-output>
          </reporter-output>
        </test-method> <!-- sum -->
        <test-method status="PASS" signature="sum()[pri:0, instance:TestNG.InvocationcountTest@4883b407]" name="sum" duration-ms="1" started-at="2018-09-23T16:09:07Z" finished-at="2018-09-23T16:09:07Z">
          <reporter-output>
          </reporter-output>
        </test-method> <!-- sum -->
        <test-method status="PASS" signature="sum()[pri:0, instance:TestNG.InvocationcountTest@4883b407]" name="sum" duration-ms="1" started-at="2018-09-23T16:09:07Z" finished-at="2018-09-23T16:09:07Z">
          <reporter-output>
          </reporter-output>
        </test-method> <!-- sum -->
        <test-method status="PASS" signature="sum()[pri:0, instance:TestNG.InvocationcountTest@4883b407]" name="sum" duration-ms="1" started-at="2018-09-23T16:09:07Z" finished-at="2018-09-23T16:09:07Z">
          <reporter-output>
          </reporter-output>
        </test-method> <!-- sum -->
        <test-method status="PASS" signature="sum()[pri:0, instance:TestNG.InvocationcountTest@4883b407]" name="sum" duration-ms="1" started-at="2018-09-23T16:09:07Z" finished-at="2018-09-23T16:09:07Z">
          <reporter-output>
          </reporter-output>
        </test-method> <!-- sum -->
        <test-method status="PASS" signature="sum()[pri:0, instance:TestNG.InvocationcountTest@4883b407]" name="sum" duration-ms="1" started-at="2018-09-23T16:09:07Z" finished-at="2018-09-23T16:09:07Z">
          <reporter-output>
          </reporter-output>
        </test-method> <!-- sum -->
        <test-method status="PASS" signature="sum()[pri:0, instance:TestNG.InvocationcountTest@4883b407]" name="sum" duration-ms="1" started-at="2018-09-23T16:09:07Z" finished-at="2018-09-23T16:09:07Z">
          <reporter-output>
          </reporter-output>
        </test-method> <!-- sum -->
      </class> <!-- TestNG.InvocationcountTest -->
      <class name="TestNG.TestNGBasics">
        <test-method status="PASS" signature="Beforesuite()[pri:0, instance:TestNG.TestNGBasics@7cd62f43]" name="Beforesuite" is-config="true" duration-ms="20" started-at="2018-09-23T16:08:52Z" finished-at="2018-09-23T16:08:52Z">
          <reporter-output>
          </reporter-output>
        </test-method> <!-- Beforesuite -->
        <test-method status="PASS" signature="beforetest()[pri:0, instance:TestNG.TestNGBasics@7cd62f43]" name="beforetest" is-config="true" duration-ms="2" started-at="2018-09-23T16:08:52Z" finished-at="2018-09-23T16:08:52Z">
          <reporter-output>
          </reporter-output>
        </test-method> <!-- beforetest -->
        <test-method status="PASS" signature="beforeClass()[pri:0, instance:TestNG.TestNGBasics@7cd62f43]" name="beforeClass" is-config="true" duration-ms="0" started-at="2018-09-23T16:09:07Z" finished-at="2018-09-23T16:09:07Z">
          <reporter-output>
          </reporter-output>
        </test-method> <!-- beforeClass -->
        <test-method status="PASS" signature="testfirst()[pri:0, instance:TestNG.TestNGBasics@7cd62f43]" name="testfirst" duration-ms="1" started-at="2018-09-23T16:09:07Z" finished-at="2018-09-23T16:09:07Z">
          <reporter-output>
          </reporter-output>
        </test-method> <!-- testfirst -->
        <test-method status="PASS" signature="beforeTest()[pri:0, instance:TestNG.TestNGBasics@7cd62f43]" name="beforeTest" is-config="true" duration-ms="0" started-at="2018-09-23T16:09:07Z" finished-at="2018-09-23T16:09:07Z">
          <reporter-output>
          </reporter-output>
        </test-method> <!-- beforeTest -->
        <test-method status="PASS" signature="aftermethod()[pri:0, instance:TestNG.TestNGBasics@7cd62f43]" name="aftermethod" is-config="true" duration-ms="0" started-at="2018-09-23T16:09:07Z" finished-at="2018-09-23T16:09:07Z">
          <reporter-output>
          </reporter-output>
        </test-method> <!-- aftermethod -->
        <test-method status="PASS" signature="afterclass()[pri:0, instance:TestNG.TestNGBasics@7cd62f43]" name="afterclass" is-config="true" duration-ms="0" started-at="2018-09-23T16:09:07Z" finished-at="2018-09-23T16:09:07Z">
          <reporter-output>
          </reporter-output>
        </test-method> <!-- afterclass -->
        <test-method status="PASS" signature="aftertest()[pri:0, instance:TestNG.TestNGBasics@7cd62f43]" name="aftertest" is-config="true" duration-ms="0" started-at="2018-09-23T16:09:07Z" finished-at="2018-09-23T16:09:07Z">
          <reporter-output>
          </reporter-output>
        </test-method> <!-- aftertest -->
      </class> <!-- TestNG.TestNGBasics -->
    </test> <!-- Different Testign Feature Test -->
  </suite> <!-- TestNG Session Test Automation Suite -->
</testng-results>
